  Brick.cpp
  debug.cpp
  Game.cpp
D:\NhapMonGame\test\UBUNTU\New folder\Game.cpp(60,39): warning C4244: 'argument': conversion from 'double' to 'FLOAT', possible loss of data
D:\NhapMonGame\test\UBUNTU\New folder\Game.cpp(60,21): warning C4244: 'argument': conversion from 'double' to 'FLOAT', possible loss of data
D:\NhapMonGame\test\UBUNTU\New folder\Game.cpp(259,26): warning C4305: '=': truncation from '__int64' to 'float'
D:\NhapMonGame\test\UBUNTU\New folder\Game.cpp(260,24): warning C4305: '=': truncation from '__int64' to 'float'
D:\NhapMonGame\test\UBUNTU\New folder\Game.cpp(270,26): warning C4305: '=': truncation from '__int64' to 'float'
D:\NhapMonGame\test\UBUNTU\New folder\Game.cpp(271,24): warning C4305: '=': truncation from '__int64' to 'float'
  GameObject.cpp
  Map.cpp
  Solider.cpp
  main.cpp
D:\NhapMonGame\test\UBUNTU\New folder\main.cpp(375,28): warning C4244: 'argument': conversion from 'int' to 'float', possible loss of data
D:\NhapMonGame\test\UBUNTU\New folder\main.cpp(392,20): warning C4018: '<': signed/unsigned mismatch
D:\NhapMonGame\test\UBUNTU\New folder\main.cpp(397,20): warning C4018: '<': signed/unsigned mismatch
D:\NhapMonGame\test\UBUNTU\New folder\main.cpp(440,21): warning C4018: '<': signed/unsigned mismatch
  Character.cpp
  Sprites.cpp
  Textures.cpp
  Generating Code...
  04-Collision.vcxproj -> D:\NhapMonGame\test\UBUNTU\New folder\Debug\04-Collision.exe
